1604736676616	geckodriver	INFO	Listening on 127.0.0.1:62940
1604736679679	mozrunner::runner	INFO	Running command: "C:\\Program Files\\Mozilla Firefox\\firefox.exe" "--marionette" "-foreground" "-no-remote" "-profile" "C:\\Users\\ANMOLG~1\\AppData\\Local\\Temp\\rust_mozprofileO4N0Py"
Can't find symbol 'eglSwapBuffersWithDamageEXT'.
JavaScript error: resource://gre/modules/XULStore.jsm, line 66: Error: Can't find profile directory.
console.warn: SearchSettings: "get: No settings file exists, new profile?" (new Error("", "(unknown module)"))
1604736688395	Marionette	INFO	Listening on port 62948
1604736688730	Marionette	WARN	TLS certificate errors will be ignored for this session
1604736707278	Marionette	INFO	Stopped listening on port 62948

###!!! [Child][RunMessage] Error: Channel closing: too late to send/recv, messages will be lost


###!!! [Child][MessageChannel::SendAndWait] Error: Channel error: cannot send/recv

1604736726943	geckodriver	INFO	Listening on 127.0.0.1:63024
1604736729952	mozrunner::runner	INFO	Running command: "C:\\Program Files\\Mozilla Firefox\\firefox.exe" "--marionette" "-foreground" "-no-remote" "-profile" "C:\\Users\\ANMOLG~1\\AppData\\Local\\Temp\\rust_mozprofile4FGDS3"
Can't find symbol 'eglSwapBuffersWithDamageEXT'.
JavaScript error: resource://gre/modules/XULStore.jsm, line 66: Error: Can't find profile directory.
console.warn: SearchSettings: "get: No settings file exists, new profile?" (new Error("", "(unknown module)"))
1604736738086	Marionette	INFO	Listening on port 63032
1604736738446	Marionette	WARN	TLS certificate errors will be ignored for this session
1604736755962	Marionette	INFO	Stopped listening on port 63032

###!!! [Child][RunMessage] Error: Channel closing: too late to send/recv, messages will be lost


###!!! [Child][MessageChannel::SendAndWait] Error: Channel error: cannot send/recv

1604736788663	geckodriver	INFO	Listening on 127.0.0.1:63108
1604736791725	mozrunner::runner	INFO	Running command: "C:\\Program Files\\Mozilla Firefox\\firefox.exe" "--marionette" "-foreground" "-no-remote" "-profile" "C:\\Users\\ANMOLG~1\\AppData\\Local\\Temp\\rust_mozprofileyCt6dZ"
Can't find symbol 'eglSwapBuffersWithDamageEXT'.
JavaScript error: resource://gre/modules/XULStore.jsm, line 66: Error: Can't find profile directory.
console.warn: SearchSettings: "get: No settings file exists, new profile?" (new Error("", "(unknown module)"))
1604736798363	Marionette	INFO	Listening on port 63117
1604736798888	Marionette	WARN	TLS certificate errors will be ignored for this session
1604736818643	Marionette	INFO	Stopped listening on port 63117

###!!! [Child][RunMessage] Error: Channel closing: too late to send/recv, messages will be lost


###!!! [Child][MessageChannel::SendAndWait] Error: Channel error: cannot send/recv

1604756200624	geckodriver	INFO	Listening on 127.0.0.1:55572
1604756203670	mozrunner::runner	INFO	Running command: "C:\\Program Files\\Mozilla Firefox\\firefox.exe" "--marionette" "-foreground" "-no-remote" "-profile" "C:\\Users\\ANMOLG~1\\AppData\\Local\\Temp\\rust_mozprofileLdlnyr"
Can't find symbol 'eglSwapBuffersWithDamageEXT'.
JavaScript error: resource://gre/modules/XULStore.jsm, line 66: Error: Can't find profile directory.
console.warn: SearchSettings: "get: No settings file exists, new profile?" (new Error("", "(unknown module)"))
1604756209575	Marionette	INFO	Listening on port 55580
1604756210027	Marionette	WARN	TLS certificate errors will be ignored for this session
1604756230181	Marionette	INFO	Stopped listening on port 55580

###!!! [Child][RunMessage] Error: Channel closing: too late to send/recv, messages will be lost


###!!! [Child][MessageChannel::SendAndWait] Error: Channel error: cannot send/recv

1604756250950	geckodriver	INFO	Listening on 127.0.0.1:55638
1604756254094	mozrunner::runner	INFO	Running command: "C:\\Program Files\\Mozilla Firefox\\firefox.exe" "--marionette" "-foreground" "-no-remote" "-profile" "C:\\Users\\ANMOLG~1\\AppData\\Local\\Temp\\rust_mozprofile2R0LX1"
Can't find symbol 'eglSwapBuffersWithDamageEXT'.
JavaScript error: resource://gre/modules/XULStore.jsm, line 66: Error: Can't find profile directory.
console.warn: SearchSettings: "get: No settings file exists, new profile?" (new Error("", "(unknown module)"))
1604756258842	Marionette	INFO	Listening on port 55646
1604756258917	Marionette	WARN	TLS certificate errors will be ignored for this session
1604756267080	Marionette	INFO	Stopped listening on port 55646

###!!! [Child][RunMessage] Error: Channel closing: too late to send/recv, messages will be lost


###!!! [Child][MessageChannel::SendAndWait] Error: Channel error: cannot send/recv

1604769537199	geckodriver	INFO	Listening on 127.0.0.1:56288
1604769540172	mozrunner::runner	INFO	Running command: "C:\\Program Files\\Mozilla Firefox\\firefox.exe" "--marionette" "-foreground" "-no-remote" "-profile" "C:\\Users\\ANMOLG~1\\AppData\\Local\\Temp\\rust_mozprofilese6cQb"
Can't find symbol 'eglSwapBuffersWithDamageEXT'.
JavaScript error: resource://gre/modules/XULStore.jsm, line 66: Error: Can't find profile directory.
console.warn: SearchSettings: "get: No settings file exists, new profile?" (new Error("", "(unknown module)"))
1604769547087	Marionette	INFO	Listening on port 56296
1604769547642	Marionette	WARN	TLS certificate errors will be ignored for this session
JavaScript error: resource://gre/modules/XULStore.jsm, line 66: Error: Can't find profile directory.
JavaScript error: resource://gre/modules/XULStore.jsm, line 66: Error: Can't find profile directory.
JavaScript error: resource://gre/modules/XULStore.jsm, line 66: Error: Can't find profile directory.
JavaScript error: resource://gre/modules/XULStore.jsm, line 66: Error: Can't find profile directory.
JavaScript error: resource://gre/modules/XULStore.jsm, line 66: Error: Can't find profile directory.
1604769565842	Marionette	INFO	Stopped listening on port 56296

###!!! [Child][RunMessage] Error: Channel closing: too late to send/recv, messages will be lost


###!!! [Child][MessageChannel::SendAndWait] Error: Channel error: cannot send/recv

1605031212405	geckodriver	INFO	Listening on 127.0.0.1:63036
1605031215446	mozrunner::runner	INFO	Running command: "C:\\Program Files\\Mozilla Firefox\\firefox.exe" "--marionette" "-foreground" "-no-remote" "-profile" "C:\\Users\\ANMOLG~1\\AppData\\Local\\Temp\\rust_mozprofileg9pw9C"
Can't find symbol 'eglSwapBuffersWithDamageEXT'.
JavaScript error: resource://gre/modules/XULStore.jsm, line 66: Error: Can't find profile directory.
console.warn: SearchSettings: "get: No settings file exists, new profile?" (new Error("", "(unknown module)"))
1605031221919	Marionette	INFO	Listening on port 63044
1605031221988	Marionette	WARN	TLS certificate errors will be ignored for this session
1605031257534	Marionette	INFO	Stopped listening on port 63044

###!!! [Child][RunMessage] Error: Channel closing: too late to send/recv, messages will be lost


###!!! [Child][MessageChannel::SendAndWait] Error: Channel error: cannot send/recv

1605031317779	geckodriver	INFO	Listening on 127.0.0.1:63154
1605031320835	mozrunner::runner	INFO	Running command: "C:\\Program Files\\Mozilla Firefox\\firefox.exe" "--marionette" "-foreground" "-no-remote" "-profile" "C:\\Users\\ANMOLG~1\\AppData\\Local\\Temp\\rust_mozprofileoykgEG"
Can't find symbol 'eglSwapBuffersWithDamageEXT'.
JavaScript error: resource://gre/modules/XULStore.jsm, line 66: Error: Can't find profile directory.
console.warn: SearchSettings: "get: No settings file exists, new profile?" (new Error("", "(unknown module)"))
1605031326496	Marionette	INFO	Listening on port 63162
1605031326693	Marionette	WARN	TLS certificate errors will be ignored for this session
1605031352525	Marionette	INFO	Stopped listening on port 63162

###!!! [Child][RunMessage] Error: Channel closing: too late to send/recv, messages will be lost


###!!! [Child][MessageChannel::SendAndWait] Error: Channel error: cannot send/recv

